M:\Masters\NetworkGameDevelopment\Coursework\Football\FatherAndSon\Debug\FatherAndSon.exe
M:\Masters\NetworkGameDevelopment\Coursework\Football\FatherAndSon\Debug\FatherAndSon.ilk
M:\Masters\NetworkGameDevelopment\Coursework\Football\FatherAndSon\Debug\FatherAndSon.pdb
M:\MASTERS\NETWORKGAMEDEVELOPMENT\COURSEWORK\FOOTBALL\FATHERANDSON\FATHERANDSON\DEBUG\BALL.OBJ
M:\MASTERS\NETWORKGAMEDEVELOPMENT\COURSEWORK\FOOTBALL\FATHERANDSON\FATHERANDSON\DEBUG\CAMERA.OBJ
M:\Masters\NetworkGameDevelopment\Coursework\Football\FatherAndSon\FatherAndSon\Debug\cl.command.1.tlog
M:\Masters\NetworkGameDevelopment\Coursework\Football\FatherAndSon\FatherAndSon\Debug\CL.read.1.tlog
M:\Masters\NetworkGameDevelopment\Coursework\Football\FatherAndSon\FatherAndSon\Debug\CL.write.1.tlog
M:\Masters\NetworkGameDevelopment\Coursework\Football\FatherAndSon\FatherAndSon\Debug\FatherAndSon.exe.embed.manifest
M:\MASTERS\NETWORKGAMEDEVELOPMENT\COURSEWORK\FOOTBALL\FATHERANDSON\FATHERANDSON\DEBUG\FATHERANDSON.EXE.EMBED.MANIFEST.RES
M:\Masters\NetworkGameDevelopment\Coursework\Football\FatherAndSon\FatherAndSon\Debug\FatherAndSon.exe.intermediate.manifest
M:\Masters\NetworkGameDevelopment\Coursework\Football\FatherAndSon\FatherAndSon\Debug\FatherAndSon.vcxprojResolveAssemblyReference.cache
M:\Masters\NetworkGameDevelopment\Coursework\Football\FatherAndSon\FatherAndSon\Debug\FatherAndSon.write.1.tlog
M:\Masters\NetworkGameDevelopment\Coursework\Football\FatherAndSon\FatherAndSon\Debug\FatherAndSon_manifest.rc
M:\MASTERS\NETWORKGAMEDEVELOPMENT\COURSEWORK\FOOTBALL\FATHERANDSON\FATHERANDSON\DEBUG\GAMELOOP.OBJ
M:\MASTERS\NETWORKGAMEDEVELOPMENT\COURSEWORK\FOOTBALL\FATHERANDSON\FATHERANDSON\DEBUG\GAMEOBJECTISO.OBJ
M:\Masters\NetworkGameDevelopment\Coursework\Football\FatherAndSon\FatherAndSon\Debug\link.7336.read.1.tlog
M:\Masters\NetworkGameDevelopment\Coursework\Football\FatherAndSon\FatherAndSon\Debug\link.7336.read.2.tlog
M:\Masters\NetworkGameDevelopment\Coursework\Football\FatherAndSon\FatherAndSon\Debug\link.7336.write.1.tlog
M:\Masters\NetworkGameDevelopment\Coursework\Football\FatherAndSon\FatherAndSon\Debug\link.7336-cvtres.read.1.tlog
M:\Masters\NetworkGameDevelopment\Coursework\Football\FatherAndSon\FatherAndSon\Debug\link.7336-cvtres.write.1.tlog
M:\Masters\NetworkGameDevelopment\Coursework\Football\FatherAndSon\FatherAndSon\Debug\link.7376.read.1.tlog
M:\Masters\NetworkGameDevelopment\Coursework\Football\FatherAndSon\FatherAndSon\Debug\link.7376.read.2.tlog
M:\Masters\NetworkGameDevelopment\Coursework\Football\FatherAndSon\FatherAndSon\Debug\link.7376.write.1.tlog
M:\Masters\NetworkGameDevelopment\Coursework\Football\FatherAndSon\FatherAndSon\Debug\link.7376-cvtres.read.1.tlog
M:\Masters\NetworkGameDevelopment\Coursework\Football\FatherAndSon\FatherAndSon\Debug\link.7376-cvtres.write.1.tlog
M:\Masters\NetworkGameDevelopment\Coursework\Football\FatherAndSon\FatherAndSon\Debug\link.9404.read.1.tlog
M:\Masters\NetworkGameDevelopment\Coursework\Football\FatherAndSon\FatherAndSon\Debug\link.9404.read.2.tlog
M:\Masters\NetworkGameDevelopment\Coursework\Football\FatherAndSon\FatherAndSon\Debug\link.9404.write.1.tlog
M:\Masters\NetworkGameDevelopment\Coursework\Football\FatherAndSon\FatherAndSon\Debug\link.9404-cvtres.read.1.tlog
M:\Masters\NetworkGameDevelopment\Coursework\Football\FatherAndSon\FatherAndSon\Debug\link.9404-cvtres.write.1.tlog
M:\Masters\NetworkGameDevelopment\Coursework\Football\FatherAndSon\FatherAndSon\Debug\link.command.1.tlog
M:\Masters\NetworkGameDevelopment\Coursework\Football\FatherAndSon\FatherAndSon\Debug\link.read.1.tlog
M:\Masters\NetworkGameDevelopment\Coursework\Football\FatherAndSon\FatherAndSon\Debug\link.read.2.tlog
M:\Masters\NetworkGameDevelopment\Coursework\Football\FatherAndSon\FatherAndSon\Debug\link.write.1.tlog
M:\Masters\NetworkGameDevelopment\Coursework\Football\FatherAndSon\FatherAndSon\Debug\link-cvtres.read.1.tlog
M:\Masters\NetworkGameDevelopment\Coursework\Football\FatherAndSon\FatherAndSon\Debug\link-cvtres.write.1.tlog
M:\MASTERS\NETWORKGAMEDEVELOPMENT\COURSEWORK\FOOTBALL\FATHERANDSON\FATHERANDSON\DEBUG\MAIN.OBJ
M:\MASTERS\NETWORKGAMEDEVELOPMENT\COURSEWORK\FOOTBALL\FATHERANDSON\FATHERANDSON\DEBUG\MAPGRID.OBJ
M:\Masters\NetworkGameDevelopment\Coursework\Football\FatherAndSon\FatherAndSon\Debug\mt.command.1.tlog
M:\Masters\NetworkGameDevelopment\Coursework\Football\FatherAndSon\FatherAndSon\Debug\mt.read.1.tlog
M:\Masters\NetworkGameDevelopment\Coursework\Football\FatherAndSon\FatherAndSon\Debug\mt.write.1.tlog
M:\MASTERS\NETWORKGAMEDEVELOPMENT\COURSEWORK\FOOTBALL\FATHERANDSON\FATHERANDSON\DEBUG\PARTICLEEMITTER.OBJ
M:\MASTERS\NETWORKGAMEDEVELOPMENT\COURSEWORK\FOOTBALL\FATHERANDSON\FATHERANDSON\DEBUG\PLAYER.OBJ
M:\MASTERS\NETWORKGAMEDEVELOPMENT\COURSEWORK\FOOTBALL\FATHERANDSON\FATHERANDSON\DEBUG\PLAYERCONTROLLER.OBJ
M:\MASTERS\NETWORKGAMEDEVELOPMENT\COURSEWORK\FOOTBALL\FATHERANDSON\FATHERANDSON\DEBUG\RAY.OBJ
M:\Masters\NetworkGameDevelopment\Coursework\Football\FatherAndSon\FatherAndSon\Debug\rc.command.1.tlog
M:\Masters\NetworkGameDevelopment\Coursework\Football\FatherAndSon\FatherAndSon\Debug\rc.read.1.tlog
M:\Masters\NetworkGameDevelopment\Coursework\Football\FatherAndSon\FatherAndSon\Debug\rc.write.1.tlog
M:\MASTERS\NETWORKGAMEDEVELOPMENT\COURSEWORK\FOOTBALL\FATHERANDSON\FATHERANDSON\DEBUG\SOCKET.OBJ
M:\Masters\NetworkGameDevelopment\Coursework\Football\FatherAndSon\FatherAndSon\Debug\vc100.idb
M:\MASTERS\NETWORKGAMEDEVELOPMENT\COURSEWORK\FOOTBALL\FATHERANDSON\FATHERANDSON\DEBUG\VC100.PDB
M:\MASTERS\NETWORKGAMEDEVELOPMENT\COURSEWORK\FOOTBALL\FATHERANDSON\FATHERANDSON\DEBUG\VECTOR2.OBJ
