.\Debug\server.ilk
.\Debug\server.pdb
M:\Masters\NetworkGameDevelopment\2016-01-28\server\.\Debug\server.exe
M:\Masters\NetworkGameDevelopment\2016-01-28\server\.\Debug\server.exe.intermediate.manifest
M:\Masters\NetworkGameDevelopment\2016-01-28\server\Debug\cl.command.1.tlog
M:\Masters\NetworkGameDevelopment\2016-01-28\server\Debug\CL.read.1.tlog
M:\Masters\NetworkGameDevelopment\2016-01-28\server\Debug\CL.write.1.tlog
M:\MASTERS\NETWORKGAMEDEVELOPMENT\2016-01-28\SERVER\DEBUG\GAMELOOP.OBJ
M:\Masters\NetworkGameDevelopment\2016-01-28\server\Debug\link.3048.read.1.tlog
M:\Masters\NetworkGameDevelopment\2016-01-28\server\Debug\link.3048.write.1.tlog
M:\Masters\NetworkGameDevelopment\2016-01-28\server\Debug\link.3048-cvtres.read.1.tlog
M:\Masters\NetworkGameDevelopment\2016-01-28\server\Debug\link.3048-cvtres.write.1.tlog
M:\Masters\NetworkGameDevelopment\2016-01-28\server\Debug\link.3128.read.1.tlog
M:\Masters\NetworkGameDevelopment\2016-01-28\server\Debug\link.3128.write.1.tlog
M:\Masters\NetworkGameDevelopment\2016-01-28\server\Debug\link.3128-cvtres.read.1.tlog
M:\Masters\NetworkGameDevelopment\2016-01-28\server\Debug\link.3128-cvtres.write.1.tlog
M:\Masters\NetworkGameDevelopment\2016-01-28\server\Debug\link.3240.read.1.tlog
M:\Masters\NetworkGameDevelopment\2016-01-28\server\Debug\link.3240.write.1.tlog
M:\Masters\NetworkGameDevelopment\2016-01-28\server\Debug\link.3240-cvtres.read.1.tlog
M:\Masters\NetworkGameDevelopment\2016-01-28\server\Debug\link.3240-cvtres.write.1.tlog
M:\Masters\NetworkGameDevelopment\2016-01-28\server\Debug\link.3308.read.1.tlog
M:\Masters\NetworkGameDevelopment\2016-01-28\server\Debug\link.3308.write.1.tlog
M:\Masters\NetworkGameDevelopment\2016-01-28\server\Debug\link.3308-cvtres.read.1.tlog
M:\Masters\NetworkGameDevelopment\2016-01-28\server\Debug\link.3308-cvtres.write.1.tlog
M:\Masters\NetworkGameDevelopment\2016-01-28\server\Debug\link.7880.read.1.tlog
M:\Masters\NetworkGameDevelopment\2016-01-28\server\Debug\link.7880.write.1.tlog
M:\Masters\NetworkGameDevelopment\2016-01-28\server\Debug\link.7880-cvtres.read.1.tlog
M:\Masters\NetworkGameDevelopment\2016-01-28\server\Debug\link.7880-cvtres.write.1.tlog
M:\Masters\NetworkGameDevelopment\2016-01-28\server\Debug\link.8916.read.1.tlog
M:\Masters\NetworkGameDevelopment\2016-01-28\server\Debug\link.8916.write.1.tlog
M:\Masters\NetworkGameDevelopment\2016-01-28\server\Debug\link.8916-cvtres.read.1.tlog
M:\Masters\NetworkGameDevelopment\2016-01-28\server\Debug\link.8916-cvtres.write.1.tlog
M:\Masters\NetworkGameDevelopment\2016-01-28\server\Debug\link.8920.read.1.tlog
M:\Masters\NetworkGameDevelopment\2016-01-28\server\Debug\link.8920.write.1.tlog
M:\Masters\NetworkGameDevelopment\2016-01-28\server\Debug\link.8920-cvtres.read.1.tlog
M:\Masters\NetworkGameDevelopment\2016-01-28\server\Debug\link.8920-cvtres.write.1.tlog
M:\Masters\NetworkGameDevelopment\2016-01-28\server\Debug\link.9356.read.1.tlog
M:\Masters\NetworkGameDevelopment\2016-01-28\server\Debug\link.9356.write.1.tlog
M:\Masters\NetworkGameDevelopment\2016-01-28\server\Debug\link.9356-cvtres.read.1.tlog
M:\Masters\NetworkGameDevelopment\2016-01-28\server\Debug\link.9356-cvtres.write.1.tlog
M:\Masters\NetworkGameDevelopment\2016-01-28\server\Debug\link.9572.read.1.tlog
M:\Masters\NetworkGameDevelopment\2016-01-28\server\Debug\link.9572.write.1.tlog
M:\Masters\NetworkGameDevelopment\2016-01-28\server\Debug\link.9572-cvtres.read.1.tlog
M:\Masters\NetworkGameDevelopment\2016-01-28\server\Debug\link.9572-cvtres.write.1.tlog
M:\Masters\NetworkGameDevelopment\2016-01-28\server\Debug\link.9612.read.1.tlog
M:\Masters\NetworkGameDevelopment\2016-01-28\server\Debug\link.9612.write.1.tlog
M:\Masters\NetworkGameDevelopment\2016-01-28\server\Debug\link.9612-cvtres.read.1.tlog
M:\Masters\NetworkGameDevelopment\2016-01-28\server\Debug\link.9612-cvtres.write.1.tlog
M:\Masters\NetworkGameDevelopment\2016-01-28\server\Debug\link.9848.read.1.tlog
M:\Masters\NetworkGameDevelopment\2016-01-28\server\Debug\link.9848.write.1.tlog
M:\Masters\NetworkGameDevelopment\2016-01-28\server\Debug\link.9848-cvtres.read.1.tlog
M:\Masters\NetworkGameDevelopment\2016-01-28\server\Debug\link.9848-cvtres.write.1.tlog
M:\Masters\NetworkGameDevelopment\2016-01-28\server\Debug\link.9948.read.1.tlog
M:\Masters\NetworkGameDevelopment\2016-01-28\server\Debug\link.9948.write.1.tlog
M:\Masters\NetworkGameDevelopment\2016-01-28\server\Debug\link.9948-cvtres.read.1.tlog
M:\Masters\NetworkGameDevelopment\2016-01-28\server\Debug\link.9948-cvtres.write.1.tlog
M:\Masters\NetworkGameDevelopment\2016-01-28\server\Debug\link.command.1.tlog
M:\Masters\NetworkGameDevelopment\2016-01-28\server\Debug\link.read.1.tlog
M:\Masters\NetworkGameDevelopment\2016-01-28\server\Debug\link.write.1.tlog
M:\Masters\NetworkGameDevelopment\2016-01-28\server\Debug\link-cvtres.read.1.tlog
M:\Masters\NetworkGameDevelopment\2016-01-28\server\Debug\link-cvtres.write.1.tlog
M:\MASTERS\NETWORKGAMEDEVELOPMENT\2016-01-28\SERVER\DEBUG\MAIN.OBJ
M:\Masters\NetworkGameDevelopment\2016-01-28\server\Debug\mt.command.1.tlog
M:\Masters\NetworkGameDevelopment\2016-01-28\server\Debug\mt.read.1.tlog
M:\Masters\NetworkGameDevelopment\2016-01-28\server\Debug\mt.write.1.tlog
M:\Masters\NetworkGameDevelopment\2016-01-28\server\Debug\rc.command.1.tlog
M:\Masters\NetworkGameDevelopment\2016-01-28\server\Debug\rc.read.1.tlog
M:\Masters\NetworkGameDevelopment\2016-01-28\server\Debug\rc.write.1.tlog
M:\MASTERS\NETWORKGAMEDEVELOPMENT\2016-01-28\SERVER\DEBUG\SERVER.EXE.EMBED.MANIFEST
M:\MASTERS\NETWORKGAMEDEVELOPMENT\2016-01-28\SERVER\DEBUG\SERVER.EXE.EMBED.MANIFEST.RES
M:\Masters\NetworkGameDevelopment\2016-01-28\server\Debug\server.exe.intermediate.manifest
M:\Masters\NetworkGameDevelopment\2016-01-28\server\Debug\server.ilk
M:\MASTERS\NETWORKGAMEDEVELOPMENT\2016-01-28\SERVER\DEBUG\SERVER.PDB
M:\Masters\NetworkGameDevelopment\2016-01-28\server\Debug\server.vcxprojResolveAssemblyReference.cache
M:\Masters\NetworkGameDevelopment\2016-01-28\server\Debug\server.write.1.tlog
M:\Masters\NetworkGameDevelopment\2016-01-28\server\Debug\server_manifest.rc
M:\MASTERS\NETWORKGAMEDEVELOPMENT\2016-01-28\SERVER\DEBUG\SOCKET.OBJ
M:\Masters\NetworkGameDevelopment\2016-01-28\server\Debug\vc100.idb
M:\MASTERS\NETWORKGAMEDEVELOPMENT\2016-01-28\SERVER\DEBUG\VC100.PDB
